<?xml version="1.0" encoding="UTF-8"?>
<!-- Generated by org.testng.reporters.JUnitReportReporter -->
<testsuite hostname="GOODFELLA" failures="0" tests="1" name="tests.UserLogin" time="7.310" errors="0" timestamp="2022-06-02T17:28:53 IST" skipped="0">
  <testcase classname="tests.UserLogin" name="open" time="7.310"/>
  <system-out/>
</testsuite> <!-- tests.UserLogin -->
