<?xml version="1.0" encoding="UTF-8"?>
<!-- Generated by org.testng.reporters.JUnitReportReporter -->
<testsuite hostname="GOODFELLA" failures="0" tests="2" name="tests.UserLogin" time="13.719" errors="0" timestamp="2 Jun 2022 12:20:01 GMT">
  <testcase classname="tests.UserLogin" name="t2InvalidData" time="6.384"/>
  <testcase classname="tests.UserLogin" name="t1ValidData" time="7.335"/>
</testsuite> <!-- tests.UserLogin -->
